This is pdfTeX, Version 3.1415926-1.40.10 (TeX Live 2009/Debian) (format=latex 2010.7.10)  10 JUL 2010 11:55
entering extended mode
 restricted \write18 enabled.
 %&-line parsing enabled.
**main.tex
(./main.tex
LaTeX2e <2009/09/24>
Babel <v3.8l> and hyphenation patterns for english, usenglishmax, dumylang, noh
yphenation, loaded.
(./llncs.cls
Document Class: llncs 2004/08/17 v2.14 
 LaTeX document class for Lecture Notes in Computer Science
(/usr/share/texmf-texlive/tex/latex/base/article.cls
Document Class: article 2007/10/19 v1.4h Standard LaTeX document class
(/usr/share/texmf-texlive/tex/latex/base/size10.clo
File: size10.clo 2007/10/19 v1.4h Standard LaTeX file (size option)
)
\c@part=\count79
\c@section=\count80
\c@subsection=\count81
\c@subsubsection=\count82
\c@paragraph=\count83
\c@subparagraph=\count84
\c@figure=\count85
\c@table=\count86
\abovecaptionskip=\skip41
\belowcaptionskip=\skip42
\bibindent=\dimen102
)
(/usr/share/texmf-texlive/tex/latex/tools/multicol.sty
Package: multicol 2008/12/05 v1.6h multicolumn formatting (FMi)
\c@tracingmulticols=\count87
\mult@box=\box26
\multicol@leftmargin=\dimen103
\c@unbalance=\count88
\c@collectmore=\count89
\doublecol@number=\count90
\multicoltolerance=\count91
\multicolpretolerance=\count92
\full@width=\dimen104
\page@free=\dimen105
\premulticols=\dimen106
\postmulticols=\dimen107
\multicolsep=\skip43
\multicolbaselineskip=\skip44
\partial@page=\box27
\last@line=\box28
\mult@rightbox=\box29
\mult@grightbox=\box30
\mult@gfirstbox=\box31
\mult@firstbox=\box32
\@tempa=\box33
\@tempa=\box34
\@tempa=\box35
\@tempa=\box36
\@tempa=\box37
\@tempa=\box38
\@tempa=\box39
\@tempa=\box40
\@tempa=\box41
\@tempa=\box42
\@tempa=\box43
\@tempa=\box44
\@tempa=\box45
\@tempa=\box46
\@tempa=\box47
\@tempa=\box48
\@tempa=\box49
\c@columnbadness=\count93
\c@finalcolumnbadness=\count94
\last@try=\dimen108
\multicolovershoot=\dimen109
\multicolundershoot=\dimen110
\mult@nat@firstbox=\box50
\colbreak@box=\box51
)
\c@chapter=\count95
LaTeX Font Info:    Redeclaring math symbol \Gamma on input line 360.
LaTeX Font Info:    Redeclaring math symbol \Delta on input line 361.
LaTeX Font Info:    Redeclaring math symbol \Theta on input line 362.
LaTeX Font Info:    Redeclaring math symbol \Lambda on input line 363.
LaTeX Font Info:    Redeclaring math symbol \Xi on input line 364.
LaTeX Font Info:    Redeclaring math symbol \Pi on input line 365.
LaTeX Font Info:    Redeclaring math symbol \Sigma on input line 366.
LaTeX Font Info:    Redeclaring math symbol \Upsilon on input line 367.
LaTeX Font Info:    Redeclaring math symbol \Phi on input line 368.
LaTeX Font Info:    Redeclaring math symbol \Psi on input line 369.
LaTeX Font Info:    Redeclaring math symbol \Omega on input line 370.
\tocchpnum=\dimen111
\tocsecnum=\dimen112
\tocsectotal=\dimen113
\tocsubsecnum=\dimen114
\tocsubsectotal=\dimen115
\tocsubsubsecnum=\dimen116
\tocsubsubsectotal=\dimen117
\tocparanum=\dimen118
\tocparatotal=\dimen119
\tocsubparanum=\dimen120
\fnindent=\dimen121
\c@@inst=\count96
\c@@auth=\count97
\c@auco=\count98
\instindent=\dimen122
\authrun=\box52
\authorrunning=\toks14
\tocauthor=\toks15
\titrun=\box53
\titlerunning=\toks16
\toctitle=\toks17
\c@theorem=\count99
\c@case=\count100
\c@conjecture=\count101
\c@corollary=\count102
\c@definition=\count103
\c@example=\count104
\c@exercise=\count105
\c@lemma=\count106
\c@note=\count107
\c@problem=\count108
\c@property=\count109
\c@proposition=\count110
\c@question=\count111
\c@solution=\count112
\c@remark=\count113
\headlineindent=\dimen123
)
(/usr/share/texmf-texlive/tex/latex/psnfss/times.sty
Package: times 2005/04/12 PSNFSS-v9.2a (SPQR) 
)
(/usr/share/texmf-texlive/tex/latex/stmaryrd/stmaryrd.sty
Package: stmaryrd 1994/03/03 St Mary's Road symbol package
\symstmry=\mathgroup4
LaTeX Font Info:    Overwriting symbol font `stmry' in version `bold'
(Font)                  U/stmry/m/n --> U/stmry/b/n on input line 89.
)
(/usr/share/texmf-texlive/tex/latex/base/latexsym.sty
Package: latexsym 1998/08/17 v2.2e Standard LaTeX package (lasy symbols)
\symlasy=\mathgroup5
LaTeX Font Info:    Overwriting symbol font `lasy' in version `bold'
(Font)                  U/lasy/m/n --> U/lasy/b/n on input line 47.
)
(/usr/share/texmf-texlive/tex/latex/amsmath/amsmath.sty
Package: amsmath 2000/07/18 v2.13 AMS math features
\@mathmargin=\skip45

For additional information on amsmath, use the `?' option.
(/usr/share/texmf-texlive/tex/latex/amsmath/amstext.sty
Package: amstext 2000/06/29 v2.01

(/usr/share/texmf-texlive/tex/latex/amsmath/amsgen.sty
File: amsgen.sty 1999/11/30 v2.0
\@emptytoks=\toks18
\ex@=\dimen124
))
(/usr/share/texmf-texlive/tex/latex/amsmath/amsbsy.sty
Package: amsbsy 1999/11/29 v1.2d
\pmbraise@=\dimen125
)
(/usr/share/texmf-texlive/tex/latex/amsmath/amsopn.sty
Package: amsopn 1999/12/14 v2.01 operator names
)
\inf@bad=\count114
LaTeX Info: Redefining \frac on input line 211.
\uproot@=\count115
\leftroot@=\count116
LaTeX Info: Redefining \overline on input line 307.
\classnum@=\count117
\DOTSCASE@=\count118
LaTeX Info: Redefining \ldots on input line 379.
LaTeX Info: Redefining \dots on input line 382.
LaTeX Info: Redefining \cdots on input line 467.
\Mathstrutbox@=\box54
\strutbox@=\box55
\big@size=\dimen126
LaTeX Font Info:    Redeclaring font encoding OML on input line 567.
LaTeX Font Info:    Redeclaring font encoding OMS on input line 568.


Package amsmath Warning: Unable to redefine math accent \vec.

\macc@depth=\count119
\c@MaxMatrixCols=\count120
\dotsspace@=\muskip10
\c@parentequation=\count121
\dspbrk@lvl=\count122
\tag@help=\toks19
\row@=\count123
\column@=\count124
\maxfields@=\count125
\andhelp@=\toks20
\eqnshift@=\dimen127
\alignsep@=\dimen128
\tagshift@=\dimen129
\tagwidth@=\dimen130
\totwidth@=\dimen131
\lineht@=\dimen132
\@envbody=\toks21
\multlinegap=\skip46
\multlinetaggap=\skip47
\mathdisplay@stack=\toks22
LaTeX Info: Redefining \[ on input line 2666.
LaTeX Info: Redefining \] on input line 2667.
) (/usr/share/texmf-texlive/tex/latex/amsfonts/amssymb.sty
Package: amssymb 2009/06/22 v3.00

(/usr/share/texmf-texlive/tex/latex/amsfonts/amsfonts.sty
Package: amsfonts 2009/06/22 v3.00 Basic AMSFonts support
\symAMSa=\mathgroup6
\symAMSb=\mathgroup7
LaTeX Font Info:    Overwriting math alphabet `\mathfrak' in version `bold'
(Font)                  U/euf/m/n --> U/euf/b/n on input line 96.
)
LaTeX Font Info:    Redeclaring math symbol \boxdot on input line 39.
) (./wrapfig.sty
\wrapoverhang=\dimen133
\WF@size=\dimen134
\c@WF@wrappedlines=\count126
\WF@box=\box56
\WF@everypar=\toks23
Package: wrapfig 2003/01/31  v 3.6
)
(/usr/share/texmf-texlive/tex/latex/ltxmisc/url.sty
\Urlmuskip=\muskip11
Package: url 2006/04/12  ver 3.3  Verb mode for urls, etc.
) (./semantic.sty
Package: semantic 2003/10/28 v2.0(epsilon) 

Semantic Package v2.0(epsilon) [2003/10/28]
CVSId: $Id: semantic.sty,v 1.1.1.1 2010/01/30 15:32:26 ale Exp $
\c@@@conflict=\count127
Loading features: 
(./ligature.sty
\@pushedtoks=\toks24
\@seentoks=\toks25
)  math mode ligatures, (./infernce.sty
\@@tempa=\toks26
\@@tempb=\toks27
\@@pSpace=\skip48
\@@pEnd=\skip49
\@@nSpace=\skip50
\@@aLineBox=\box57
)  inference rules,
(./tdiagram.sty
\@@xShift=\count128
\@@yShift=\count129
\@@symbol=\toks28
\@@tempSymbol=\toks29
)  T diagrams, (./reserved.sty
\@@spacing=\toks30
\@@formating=\toks31
)  reserved words, (./shrthand.sty)  short hands,
and general definitions.

\@@maxwidth=\dimen135
\@@pLineBox=\box58
\@@cBox=\box59
\@@pBox=\box60
) (./mathpartir.sty
Package: mathpartir 2001/23/02 v0.92 Math Paragraph for Type Inference Rules
 (/usr/share/texmf-texlive/tex/latex/graphics/keyval.sty
Package: keyval 1999/03/16 v1.13 key=value parser (DPC)
\KV@toks@=\toks32
)
\mpr@tmpdim=\dimen136
\mpr@andskip=\skip51
\mpr@lista=\toks33
\mpr@listb=\toks34
\mpr@hlist=\box61
\mpr@vlist=\box62
\mpr@right=\box63
\rule@dimen=\dimen137
)
(/usr/share/texmf-texlive/tex/latex/tools/enumerate.sty
Package: enumerate 1999/03/05 v3.00 enumerate extensions (DPC)
\@enLab=\toks35
)
(/usr/share/texmf-texlive/tex/latex/listings/listings.sty
\lst@mode=\count130
\lst@gtempboxa=\box64
\lst@token=\toks36
\lst@length=\count131
\lst@currlwidth=\dimen138
\lst@column=\count132
\lst@pos=\count133
\lst@lostspace=\dimen139
\lst@width=\dimen140
\lst@newlines=\count134
\lst@lineno=\count135
\lst@maxwidth=\dimen141

(/usr/share/texmf-texlive/tex/latex/listings/lstmisc.sty
File: lstmisc.sty 2007/02/22 1.4 (Carsten Heinz)
\c@lstnumber=\count136
\lst@skipnumbers=\count137
\lst@framebox=\box65
)
(/usr/share/texmf-texlive/tex/latex/listings/listings.cfg
File: listings.cfg 2007/02/22 1.4 listings configuration
))
Package: listings 2007/02/22 1.4 (Carsten Heinz)
 (./declarations.tex
\c@Theorem=\count138
\c@Proposition=\count139
\c@Corollary=\count140
\c@Lemma=\count141
\c@Definition=\count142
\c@Observation=\count143
) (./main.aux)
\openout1 = `main.aux'.

LaTeX Font Info:    Checking defaults for OML/cmm/m/it on input line 35.
LaTeX Font Info:    ... okay on input line 35.
LaTeX Font Info:    Checking defaults for T1/cmr/m/n on input line 35.
LaTeX Font Info:    ... okay on input line 35.
LaTeX Font Info:    Checking defaults for OT1/cmr/m/n on input line 35.
LaTeX Font Info:    ... okay on input line 35.
LaTeX Font Info:    Checking defaults for OMS/cmsy/m/n on input line 35.
LaTeX Font Info:    ... okay on input line 35.
LaTeX Font Info:    Checking defaults for OMX/cmex/m/n on input line 35.
LaTeX Font Info:    ... okay on input line 35.
LaTeX Font Info:    Checking defaults for U/cmr/m/n on input line 35.
LaTeX Font Info:    ... okay on input line 35.
LaTeX Font Info:    Try loading font information for OT1+ptm on input line 35.
 (/usr/share/texmf-texlive/tex/latex/psnfss/ot1ptm.fd
File: ot1ptm.fd 2001/06/04 font definitions for OT1/ptm.
)
\c@lstlisting=\count144
LaTeX Font Info:    Font shape `OT1/ptm/bx/n' in size <14.4> not available
(Font)              Font shape `OT1/ptm/b/n' tried instead on input line 47.
LaTeX Font Info:    Try loading font information for U+stmry on input line 47.

(/usr/share/texmf-texlive/tex/latex/stmaryrd/Ustmry.fd)
LaTeX Font Info:    Try loading font information for U+lasy on input line 47.

(/usr/share/texmf-texlive/tex/latex/base/ulasy.fd
File: ulasy.fd 1998/08/17 v2.2e LaTeX symbol font definitions
)
LaTeX Font Info:    Try loading font information for U+msa on input line 47.

(/usr/share/texmf-texlive/tex/latex/amsfonts/umsa.fd
File: umsa.fd 2009/06/22 v3.00 AMS symbols A
)
LaTeX Font Info:    Try loading font information for U+msb on input line 47.

(/usr/share/texmf-texlive/tex/latex/amsfonts/umsb.fd
File: umsb.fd 2009/06/22 v3.00 AMS symbols B
)
LaTeX Font Info:    Font shape `OT1/ptm/bx/n' in size <9> not available
(Font)              Font shape `OT1/ptm/b/n' tried instead on input line 53.
LaTeX Font Info:    Font shape `OT1/ptm/bx/n' in size <12> not available
(Font)              Font shape `OT1/ptm/b/n' tried instead on input line 84.
LaTeX Font Info:    Font shape `OT1/ptm/bx/n' in size <10> not available
(Font)              Font shape `OT1/ptm/b/n' tried instead on input line 111.


LaTeX Warning: Citation `StateWebSecurity' on page 1 undefined on input line 11
1.


LaTeX Warning: Citation `FFAWebSecurity' on page 1 undefined on input line 114.



LaTeX Warning: Citation `OWASP:Top10:2007' on page 1 undefined on input line 11
7.


LaTeX Warning: Citation `Perl' on page 1 undefined on input line 133.


LaTeX Warning: Citation `Ruby' on page 1 undefined on input line 133.


LaTeX Warning: Citation `WebSSARI' on page 1 undefined on input line 135.


LaTeX Warning: Citation `Jovanovic06pixy:a' on page 1 undefined on input line 1
35.


LaTeX Warning: Citation `Sabelfeld:Russo:PSI09' on page 1 undefined on input li
ne 139.

[1

]

LaTeX Warning: Citation `BekmanCholet2003' on page 2 undefined on input line 16
8.


LaTeX Warning: Citation `thomas2004prub' on page 2 undefined on input line 170.



LaTeX Warning: Citation `Nguyen05' on page 2 undefined on input line 170.


LaTeX Warning: Citation `KozlovPetukhov07' on page 2 undefined on input line 17
1.

(/usr/share/texmf-texlive/tex/latex/listings/lstlang1.sty
File: lstlang1.sty 2004/09/05 1.3 listings language file
) (./email.py
LaTeX Font Info:    Try loading font information for OT1+pcr on input line 7.

(/usr/share/texmf-texlive/tex/latex/psnfss/ot1pcr.fd
File: ot1pcr.fd 2001/06/04 font definitions for OT1/pcr.
))

LaTeX Warning: Citation `WikiPython' on page 2 undefined on input line 196.


LaTeX Warning: Citation `Lutz:1999:LP' on page 2 undefined on input line 207.


Overfull \hbox (2.10782pt too wide) in paragraph at lines 193--214
[][]\OT1/ptm/m/n/10 Rather than mod-i-fy-ing in-ter-preters,
 []


Underfull \hbox (badness 2980) in paragraph at lines 193--214
\OT1/ptm/m/n/10 ten en-tirely in Python. Python is
 []


Underfull \hbox (badness 1221) in paragraph at lines 193--214
\OT1/ptm/m/n/10 spread-ing fast in-side web de-vel-op-
 []


Underfull \hbox (badness 4899) in paragraph at lines 193--214
\OT1/ptm/m/n/10 lan-guages ab-strac-tions that makes
 []


LaTeX Warning: Citation `Perl' on page 2 undefined on input line 223.


LaTeX Warning: Citation `Nguyen05' on page 2 undefined on input line 223.


LaTeX Warning: Citation `Haldar05dynamictaint' on page 2 undefined on input lin
e 223.


LaTeX Warning: Citation `KozlovPetukhov07' on page 2 undefined on input line 22
3.


LaTeX Warning: Citation `Futo07' on page 2 undefined on input line 223.


LaTeX Warning: Citation `SeoLam2010' on page 2 undefined on input line 223.


LaTeX Warning: Citation `KozlovPetukhov07' on page 2 undefined on input line 23
3.

(./uses.txt) [2] (./implicit.py
LaTeX Font Info:    Try loading font information for OML+ptm on input line 1.

(/usr/share/texmf-texlive/tex/latex/psnfss/omlptm.fd
File: omlptm.fd 
)
LaTeX Font Info:    Font shape `OML/ptm/m/n' in size <9> not available
(Font)              Font shape `OML/cmm/m/it' tried instead on input line 1.
)

LaTeX Warning: Citation `Sabelfeld:Myers:JSAC' on page 3 undefined on input lin
e 364.


LaTeX Warning: Citation `Denning:Denning:Certification' on page 3 undefined on 
input line 369.


LaTeX Warning: Citation `Russo:IOS' on page 3 undefined on input line 384.


LaTeX Warning: Citation `Sabelfeld:Myers:JSAC' on page 3 undefined on input lin
e 399.

[3]

LaTeX Warning: Citation `Russo:IOS' on page 4 undefined on input line 414.

(./api.txt
Overfull \hbox (15.44016pt too wide) in paragraph at lines 9--10
[][][][][][][][][] 
 []


Overfull \hbox (10.0401pt too wide) in paragraph at lines 11--12
[][][][][][][][][][][][] 
 []

) (./api2.txt)
Overfull \hbox (43.42004pt too wide) in paragraph at lines 430--439
[][]   [] 
 []


LaTeX Warning: Citation `Twisted' on page 4 undefined on input line 484.

[4]
LaTeX Font Info:    Font shape `OT1/pcr/bx/n' in size <10> not available
(Font)              Font shape `OT1/pcr/b/n' tried instead on input line 511.
 (./safeclean.py
LaTeX Font Info:    Try loading font information for OMS+ptm on input line 3.
 (/usr/share/texmf-texlive/tex/latex/psnfss/omsptm.fd
File: omsptm.fd 
)
LaTeX Font Info:    Font shape `OMS/ptm/m/n' in size <9> not available
(Font)              Font shape `OMS/cmsy/m/n' tried instead on input line 3.
)
Underfull \hbox (badness 2277) in paragraph at lines 526--563
\OT1/ptm/m/n/10 san-i-ti-za-tion func-tions. Line 6
 []


Underfull \hbox (badness 1033) in paragraph at lines 526--563
\OT1/ptm/m/n/10 marks com-mand \OT1/pcr/m/n/10 os.system
 []


Underfull \hbox (badness 2846) in paragraph at lines 526--563
\OT1/ptm/m/n/10 to \OT1/pcr/m/n/10 OSI \OT1/ptm/m/n/10 at-tacks. Tainted val-
 []


Underfull \hbox (badness 3503) in paragraph at lines 526--563
\OT1/ptm/m/n/10 i-tize data in or-der to avoid
 []


Underfull \hbox (badness 1137) in paragraph at lines 526--563
\OT1/ptm/m/n/10 thy. When ex-e-cut-ing the pro-
 []

(./taint_class.py
Overfull \hbox (3.88004pt too wide) in paragraph at lines 4--5
[][][][][][][][][][][][][][][][][][][][][][][][][][][] 
 []


Overfull \hbox (3.88004pt too wide) in paragraph at lines 14--15
[][][][][][][][][][][][][][][][][][][][] 
 []

)

LaTeX Warning: Citation `PythonLib' on page 5 undefined on input line 577.

[5] (./propagate.py
Overfull \hbox (8.00659pt too wide) in paragraph at lines 3--4
[][][][][][][][][][][][][][][][][][][][] 
 []

)
Underfull \hbox (badness 2913) in paragraph at lines 640--684
\OT1/ptm/m/n/10 formed. Line 2 de-fines the
 []

[6] (./factory.py
Overfull \hbox (1.21356pt too wide) in paragraph at lines 1--2
[][][][][][][][][][][][][] 
 []

)
Overfull \hbox (1.21356pt too wide) in paragraph at lines 2--715
[][][][][][][][][][][][][] 
 []

(./taint.py)

LaTeX Warning: Citation `IntroductionFunctional' on page 7 undefined on input l
ine 753.


LaTeX Warning: Citation `PythonLib' on page 7 undefined on input line 770.


Underfull \hbox (badness 2961) in paragraph at lines 750--773
\OT1/ptm/m/n/10 [[]], i.e. func-tions that take
 []

[7] (./propagate_func.py)

LaTeX Warning: Citation `Perl' on page 8 undefined on input line 795.


LaTeX Warning: Citation `Nguyen05' on page 8 undefined on input line 795.


LaTeX Warning: Citation `Jovanovic06pixy:a' on page 8 undefined on input line 7
95.


LaTeX Warning: Citation `KozlovPetukhov07' on page 8 undefined on input line 79
5.


LaTeX Warning: Citation `Futo07' on page 8 undefined on input line 795.


LaTeX Warning: Citation `SeoLam2010' on page 8 undefined on input line 795.


Package wrapfig Warning: Collision between wrapping environments on input line 
801.

(./example_connect.py)
Underfull \hbox (badness 1038) in paragraph at lines 794--810
\OT1/ptm/m/n/10 re-sults dif-fer-ent from strings
 []


Underfull \hbox (badness 4995) in paragraph at lines 794--810
\OT1/ptm/m/n/10 ues. (e.g. the length of a
 []


Underfull \hbox (badness 1742) in paragraph at lines 794--810
\OT1/ptm/m/n/10 tainted in-te-ger). This de-sign
 []


Underfull \hbox (badness 3690) in paragraph at lines 794--810
\OT1/ptm/m/n/10 vul-ner-a-bil-i-ties. For in-stance,
 []


Package wrapfig Warning: Stationary wrapfigure forced to float on input line 81
0.


Underfull \hbox (badness 2181) in paragraph at lines 830--836
\OT1/ptm/m/n/10 eral func-tion that al-lows to
 []


Underfull \hbox (badness 1558) in paragraph at lines 830--836
\OT1/ptm/m/n/10 de-fine op-er-a-tions that re-turn
 []

[8]

LaTeX Warning: Citation `Perl' on page 9 undefined on input line 885.


LaTeX Warning: Citation `Nguyen05' on page 9 undefined on input line 885.


LaTeX Warning: Citation `Jovanovic06pixy:a' on page 9 undefined on input line 8
85.


LaTeX Warning: Citation `KozlovPetukhov07' on page 9 undefined on input line 88
5.


LaTeX Warning: Citation `Futo07' on page 9 undefined on input line 885.


LaTeX Warning: Citation `SeoLam2010' on page 9 undefined on input line 885.

[9]

LaTeX Warning: Citation `Chang:et:al:CCS08' on page 10 undefined on input line 
1031.


LaTeX Warning: Citation `Perl' on page 10 undefined on input line 1039.


LaTeX Warning: Citation `thomas2004prub' on page 10 undefined on input line 104
9.


LaTeX Warning: Citation `WebSSARI' on page 10 undefined on input line 1059.


LaTeX Warning: Citation `WebSSARI' on page 10 undefined on input line 1072.


LaTeX Warning: Citation `Nguyen05' on page 10 undefined on input line 1076.


LaTeX Warning: Citation `Futo07' on page 10 undefined on input line 1097.


LaTeX Warning: Citation `Pietraszek05defendingagainst' on page 10 undefined on 
input line 1099.


LaTeX Warning: Citation `Jovanovic06pixy:a' on page 10 undefined on input line 
1106.


LaTeX Warning: Citation `Saner' on page 10 undefined on input line 1111.


LaTeX Warning: Citation `Monga:et:all:2009' on page 10 undefined on input line 
1111.

[10]

LaTeX Warning: Citation `Haldar05dynamictaint' on page 11 undefined on input li
ne 1122.


LaTeX Warning: Citation `TrippPFSW09' on page 11 undefined on input line 1129.


LaTeX Warning: Citation `Livshits:Lam:USENIX' on page 11 undefined on input lin
e 1134.


LaTeX Warning: Citation `PengLi+:Arrows' on page 11 undefined on input line 114
4.


LaTeX Warning: Citation `Tsai+:Library' on page 11 undefined on input line 1144
.


LaTeX Warning: Citation `Russo+:Haskell08' on page 11 undefined on input line 1
144.


LaTeX Warning: Citation `KozlovPetukhov07' on page 11 undefined on input line 1
154.


LaTeX Warning: Citation `SeoLam2010' on page 11 undefined on input line 1154.


LaTeX Warning: Citation `KozlovPetukhov07' on page 11 undefined on input line 1
155.


LaTeX Warning: Citation `SeoLam2010' on page 11 undefined on input line 1162.


Underfull \vbox (badness 10000) has occurred while \output is active []

 [11]
No file main.bbl.
[12] (./main.aux)

LaTeX Warning: There were undefined references.

 ) 
Here is how much of TeX's memory you used:
 4024 strings out of 495062
 49516 string characters out of 1182644
 151130 words of memory out of 3000000
 7102 multiletter control sequences out of 15000+50000
 17792 words of font info for 62 fonts, out of 3000000 for 9000
 28 hyphenation exceptions out of 8191
 29i,9n,43p,224b,1304s stack positions out of 5000i,500n,10000p,200000b,50000s

Output written on main.dvi (12 pages, 58040 bytes).
