This is TeX, Version 3.14159 (Web2C 7.4.5) (format=latex 2006.2.2)  25 JAN 2007 11:30
**caption.ins
(./caption.ins
LaTeX2e <2001/06/01>
Babel <v3.7h> and hyphenation patterns for american, french, german, ngerman, n
ohyphenation, loaded.
(/usr/share/texmf/tex/latex/base/docstrip.tex
\blockLevel=\count79
\emptyLines=\count80
\processedLines=\count81
\commentsRemoved=\count82
\commentsPassed=\count83
\codeLinesPassed=\count84
\TotalprocessedLines=\count85
\TotalcommentsRemoved=\count86
\TotalcommentsPassed=\count87
\TotalcodeLinesPassed=\count88
\NumberOfFiles=\count89
\inFile=\read1
\inputcheck=\read2
\off@0=\count90
\off@1=\count91
\off@2=\count92
\off@3=\count93
\off@4=\count94
\off@5=\count95
\off@6=\count96
\off@7=\count97
\off@8=\count98
\off@9=\count99
\off@10=\count100
\off@11=\count101
\off@12=\count102
\off@13=\count103
\off@14=\count104
\off@15=\count105
\@maxfiles=\count106
\@maxoutfiles=\count107

Utility: `docstrip' 2.5b <1998/04/28>
English documentation    <1999/03/31>

**********************************************************
* This program converts documented macro-files into fast *
* loadable files by stripping off (nearly) all comments! *
**********************************************************

********************************************************
* No Configuration file found, using default settings. *
********************************************************

(./caption.ins
File ./caption.sty already exists on the system.
Overwrite it? [y/n]
\answer=y

By default you will be asked this question for every file.
If you enter `y' now,
I will asssume `y' for all future questions
without prompting.
\noprompt=y

Generating file(s) ./caption.sty ./caption3.sty ./manual.tex 
\openout0 = `./caption.sty'.

\openout1 = `./caption3.sty'.

\openout2 = `./manual.tex'.


Processing file caption.dtx (package) -> caption.sty
                            (kernel) -> caption3.sty
                            (driver) -> manual.tex
File caption.dtx ended by \endinput.
Lines  processed: 4839
Comments removed: 3939
Comments  passed: 0
Codelines passed: 871


Generating file(s) ./caption2.sty 
\openout0 = `./caption2.sty'.


Processing file caption2.dtx (package) -> caption2.sty
File caption2.dtx ended by \endinput.
Lines  processed: 1329
Comments removed: 918
Comments  passed: 0
Codelines passed: 406

***********************************************************
*
* To finish the installation you have to move the files
* `caption.sty', `caption2.sty', and 'caption3.sty'
* into a directory searched by TeX.
*
* To produce the documentation run the file `manual.tex'
* (english version) or the file `anleitung.tex' (german
* version) through LaTeX.
*
***********************************************************
)
Overall statistics:
Files  processed: 2
Lines  processed: 6168
Comments removed: 4857
Comments  passed: 0
Codelines passed: 1277
 ) ) 
Here is how much of TeX's memory you used:
 342 strings out of 95847
 3408 string characters out of 1195949
 52092 words of memory out of 1000001
 3362 multiletter control sequences out of 10000+50000
 3640 words of font info for 14 fonts, out of 500000 for 1000
 14 hyphenation exceptions out of 1000
 15i,0n,15p,232b,145s stack positions out of 1500i,500n,5000p,200000b,5000s

No pages of output.
