This is pdfTeX, Version 3.1415926-1.40.10 (TeX Live 2009/Debian) (format=pdflatex 2010.7.10)  10 JUL 2010 10:09
entering extended mode
 restricted \write18 enabled.
 %&-line parsing enabled.
**report_final.tex
(./report_final.tex
LaTeX2e <2009/09/24>
Babel <v3.8l> and hyphenation patterns for english, usenglishmax, dumylang, noh
yphenation, loaded.
(/usr/share/texmf-texlive/tex/latex/base/report.cls
Document Class: report 2007/10/19 v1.4h Standard LaTeX document class
(/usr/share/texmf-texlive/tex/latex/base/size10.clo
File: size10.clo 2007/10/19 v1.4h Standard LaTeX file (size option)
)
\c@part=\count79
\c@chapter=\count80
\c@section=\count81
\c@subsection=\count82
\c@subsubsection=\count83
\c@paragraph=\count84
\c@subparagraph=\count85
\c@figure=\count86
\c@table=\count87
\abovecaptionskip=\skip41
\belowcaptionskip=\skip42
\bibindent=\dimen102
)
(/usr/share/texmf-texlive/tex/latex/psnfss/times.sty
Package: times 2005/04/12 PSNFSS-v9.2a (SPQR) 
)
(/usr/share/texmf-texlive/tex/latex/stmaryrd/stmaryrd.sty
Package: stmaryrd 1994/03/03 St Mary's Road symbol package
\symstmry=\mathgroup4
LaTeX Font Info:    Overwriting symbol font `stmry' in version `bold'
(Font)                  U/stmry/m/n --> U/stmry/b/n on input line 89.
)
(/usr/share/texmf-texlive/tex/latex/base/latexsym.sty
Package: latexsym 1998/08/17 v2.2e Standard LaTeX package (lasy symbols)
\symlasy=\mathgroup5
LaTeX Font Info:    Overwriting symbol font `lasy' in version `bold'
(Font)                  U/lasy/m/n --> U/lasy/b/n on input line 47.
)
(/usr/share/texmf-texlive/tex/latex/amsmath/amsmath.sty
Package: amsmath 2000/07/18 v2.13 AMS math features
\@mathmargin=\skip43

For additional information on amsmath, use the `?' option.
(/usr/share/texmf-texlive/tex/latex/amsmath/amstext.sty
Package: amstext 2000/06/29 v2.01

(/usr/share/texmf-texlive/tex/latex/amsmath/amsgen.sty
File: amsgen.sty 1999/11/30 v2.0
\@emptytoks=\toks14
\ex@=\dimen103
))
(/usr/share/texmf-texlive/tex/latex/amsmath/amsbsy.sty
Package: amsbsy 1999/11/29 v1.2d
\pmbraise@=\dimen104
)
(/usr/share/texmf-texlive/tex/latex/amsmath/amsopn.sty
Package: amsopn 1999/12/14 v2.01 operator names
)
\inf@bad=\count88
LaTeX Info: Redefining \frac on input line 211.
\uproot@=\count89
\leftroot@=\count90
LaTeX Info: Redefining \overline on input line 307.
\classnum@=\count91
\DOTSCASE@=\count92
LaTeX Info: Redefining \ldots on input line 379.
LaTeX Info: Redefining \dots on input line 382.
LaTeX Info: Redefining \cdots on input line 467.
\Mathstrutbox@=\box26
\strutbox@=\box27
\big@size=\dimen105
LaTeX Font Info:    Redeclaring font encoding OML on input line 567.
LaTeX Font Info:    Redeclaring font encoding OMS on input line 568.
\macc@depth=\count93
\c@MaxMatrixCols=\count94
\dotsspace@=\muskip10
\c@parentequation=\count95
\dspbrk@lvl=\count96
\tag@help=\toks15
\row@=\count97
\column@=\count98
\maxfields@=\count99
\andhelp@=\toks16
\eqnshift@=\dimen106
\alignsep@=\dimen107
\tagshift@=\dimen108
\tagwidth@=\dimen109
\totwidth@=\dimen110
\lineht@=\dimen111
\@envbody=\toks17
\multlinegap=\skip44
\multlinetaggap=\skip45
\mathdisplay@stack=\toks18
LaTeX Info: Redefining \[ on input line 2666.
LaTeX Info: Redefining \] on input line 2667.
)
(/usr/share/texmf-texlive/tex/latex/amsfonts/amssymb.sty
Package: amssymb 2009/06/22 v3.00

(/usr/share/texmf-texlive/tex/latex/amsfonts/amsfonts.sty
Package: amsfonts 2009/06/22 v3.00 Basic AMSFonts support
\symAMSa=\mathgroup6
\symAMSb=\mathgroup7
LaTeX Font Info:    Overwriting math alphabet `\mathfrak' in version `bold'
(Font)                  U/euf/m/n --> U/euf/b/n on input line 96.
)
LaTeX Font Info:    Redeclaring math symbol \boxdot on input line 39.
)
(/usr/share/texmf-texlive/tex/latex/wasysym/wasysym.sty
Package: wasysym 2003/10/30 v2.0 Wasy-2 symbol support package
\symwasy=\mathgroup8
LaTeX Font Info:    Overwriting symbol font `wasy' in version `bold'
(Font)                  U/wasy/m/n --> U/wasy/b/n on input line 90.
)
(/usr/share/texmf-texlive/tex/latex/fancyvrb/fancyvrb.sty
Package: fancyvrb 2008/02/07

Style option: `fancyvrb' v2.7a, with DG/SPQR fixes, and firstline=lastline fix 
<2008/02/07> (tvz) (/usr/share/texmf-texlive/tex/latex/graphics/keyval.sty
Package: keyval 1999/03/16 v1.13 key=value parser (DPC)
\KV@toks@=\toks19
)
\FV@CodeLineNo=\count100
\FV@InFile=\read1
\FV@TabBox=\box28
\c@FancyVerbLine=\count101
\FV@StepNumber=\count102
\FV@OutFile=\write3
)
(./fncychap.sty
Package: fncychap 2004/09/21 v1.33 LaTeX package (Revised chapters)
\RW=\skip46
\mylen=\skip47
\myhi=\skip48
\px=\skip49
\py=\skip50
\pyy=\skip51
\pxx=\skip52
) (./semantic.sty
Package: semantic 2003/10/28 v2.0(epsilon) 

Semantic Package v2.0(epsilon) [2003/10/28]
CVSId: $Id: semantic.sty,v 1.1 2006/11/08 14:19:26 tsa Exp $
\c@@@conflict=\count103
Loading features: 
(./ligature.sty
\@pushedtoks=\toks20
\@seentoks=\toks21
)  math mode ligatures, (./infernce.sty
\@@tempa=\toks22
\@@tempb=\toks23
\@@pSpace=\skip53
\@@pEnd=\skip54
\@@nSpace=\skip55
\@@aLineBox=\box29
)  inference rules,
(./tdiagram.sty
\@@xShift=\count104
\@@yShift=\count105
\@@symbol=\toks24
\@@tempSymbol=\toks25
)  T diagrams, (./reserved.sty
\@@spacing=\toks26
\@@formating=\toks27
)  reserved words, (./shrthand.sty)  short hands,
and general definitions.

\@@maxwidth=\dimen112
\@@pLineBox=\box30
\@@cBox=\box31
\@@pBox=\box32
) (/usr/share/texmf-texlive/tex/latex/graphics/graphicx.sty
Package: graphicx 1999/02/16 v1.0f Enhanced LaTeX Graphics (DPC,SPQR)

(/usr/share/texmf-texlive/tex/latex/graphics/graphics.sty
Package: graphics 2009/02/05 v1.0o Standard LaTeX Graphics (DPC,SPQR)

(/usr/share/texmf-texlive/tex/latex/graphics/trig.sty
Package: trig 1999/03/16 v1.09 sin cos tan (DPC)
)
(/etc/texmf/tex/latex/config/graphics.cfg
File: graphics.cfg 2009/08/28 v1.8 graphics configuration of TeX Live
)
Package graphics Info: Driver file: pdftex.def on input line 91.

(/usr/share/texmf-texlive/tex/latex/pdftex-def/pdftex.def
File: pdftex.def 2009/08/25 v0.04m Graphics/color for pdfTeX
\Gread@gobject=\count106
))
\Gin@req@height=\dimen113
\Gin@req@width=\dimen114
) (./caption.sty
Package: caption 2004/07/16 v3.0c Customising captions (AS)
\captionmargin=\dimen115
\captionwidth=\dimen116
\captionindent=\dimen117
\captionparindent=\dimen118
\captionhangindent=\dimen119
)
(/usr/share/texmf-texlive/tex/latex/tools/array.sty
Package: array 2008/09/09 v2.4c Tabular extension package (FMi)
\col@sep=\dimen120
\extrarowheight=\dimen121
\NC@list=\toks28
\extratabsurround=\skip56
\backup@length=\skip57
) (./declarations.tex
\c@Theorem=\count107
\c@Proposition=\count108
\c@Corollary=\count109
\c@Lemma=\count110
\c@defi=\count111
\c@Observation=\count112
)
(./report_final.aux)
\openout1 = `report_final.aux'.

LaTeX Font Info:    Checking defaults for OML/cmm/m/it on input line 63.
LaTeX Font Info:    ... okay on input line 63.
LaTeX Font Info:    Checking defaults for T1/cmr/m/n on input line 63.
LaTeX Font Info:    ... okay on input line 63.
LaTeX Font Info:    Checking defaults for OT1/cmr/m/n on input line 63.
LaTeX Font Info:    ... okay on input line 63.
LaTeX Font Info:    Checking defaults for OMS/cmsy/m/n on input line 63.
LaTeX Font Info:    ... okay on input line 63.
LaTeX Font Info:    Checking defaults for OMX/cmex/m/n on input line 63.
LaTeX Font Info:    ... okay on input line 63.
LaTeX Font Info:    Checking defaults for U/cmr/m/n on input line 63.
LaTeX Font Info:    ... okay on input line 63.
LaTeX Font Info:    Try loading font information for OT1+ptm on input line 63.
 (/usr/share/texmf-texlive/tex/latex/psnfss/ot1ptm.fd
File: ot1ptm.fd 2001/06/04 font definitions for OT1/ptm.
)
(/usr/share/texmf-texlive/tex/context/base/supp-pdf.mkii
[Loading MPS to PDF converter (version 2006.09.02).]
\scratchcounter=\count113
\scratchdimen=\dimen122
\scratchbox=\box33
\nofMPsegments=\count114
\nofMParguments=\count115
\everyMPshowfont=\toks29
\MPscratchCnt=\count116
\MPscratchDim=\dimen123
\MPnumerator=\count117
\everyMPtoPDFconversion=\toks30
) (/usr/share/texmf-texlive/tex/latex/ms/ragged2e.sty
Package: ragged2e 2009/05/21 v2.1 ragged2e Package (MS)

(/usr/share/texmf-texlive/tex/latex/ms/everysel.sty
Package: everysel 1999/06/08 v1.03 EverySelectfont Package (MS)
LaTeX Info: Redefining \selectfont on input line 125.
)
\CenteringLeftskip=\skip58
\RaggedLeftLeftskip=\skip59
\RaggedRightLeftskip=\skip60
\CenteringRightskip=\skip61
\RaggedLeftRightskip=\skip62
\RaggedRightRightskip=\skip63
\CenteringParfillskip=\skip64
\RaggedLeftParfillskip=\skip65
\RaggedRightParfillskip=\skip66
\JustifyingParfillskip=\skip67
\CenteringParindent=\skip68
\RaggedLeftParindent=\skip69
\RaggedRightParindent=\skip70
\JustifyingParindent=\skip71
)
LaTeX Font Info:    Font shape `OT1/ptm/bx/n' in size <24.88> not available
(Font)              Font shape `OT1/ptm/b/n' tried instead on input line 74.
LaTeX Font Info:    Font shape `OT1/ptm/bx/n' in size <14.4> not available
(Font)              Font shape `OT1/ptm/b/n' tried instead on input line 75.
 [1


{/var/lib/texmf/fonts/map/pdftex/updmap/pdftex.map}]
Underfull \hbox (badness 10000) in paragraph at lines 96--101

 []

LaTeX Font Info:    Try loading font information for OMS+ptm on input line 103.

(/usr/share/texmf-texlive/tex/latex/psnfss/omsptm.fd
File: omsptm.fd 
)
LaTeX Font Info:    Font shape `OMS/ptm/m/n' in size <10> not available
(Font)              Font shape `OMS/cmsy/m/n' tried instead on input line 103.
 [2

] (./report_final.toc
LaTeX Font Info:    Font shape `OT1/ptm/bx/n' in size <10> not available
(Font)              Font shape `OT1/ptm/b/n' tried instead on input line 1.
LaTeX Font Info:    Try loading font information for U+stmry on input line 7.

(/usr/share/texmf-texlive/tex/latex/stmaryrd/Ustmry.fd)
LaTeX Font Info:    Try loading font information for U+lasy on input line 7.

(/usr/share/texmf-texlive/tex/latex/base/ulasy.fd
File: ulasy.fd 1998/08/17 v2.2e LaTeX symbol font definitions
)
LaTeX Font Info:    Try loading font information for U+msa on input line 7.

(/usr/share/texmf-texlive/tex/latex/amsfonts/umsa.fd
File: umsa.fd 2009/06/22 v3.00 AMS symbols A
)
LaTeX Font Info:    Try loading font information for U+msb on input line 7.

(/usr/share/texmf-texlive/tex/latex/amsfonts/umsb.fd
File: umsb.fd 2009/06/22 v3.00 AMS symbols B
)
LaTeX Font Info:    Try loading font information for U+wasy on input line 7.

(/usr/share/texmf-texlive/tex/latex/wasysym/uwasy.fd
File: uwasy.fd 2003/10/30 v2.0 Wasy-2 symbol font definitions
) [3


] [4])
\tf@toc=\write4
\openout4 = `report_final.toc'.

 [5]
(./report_final.lof)
\tf@lof=\write5
\openout5 = `report_final.lof'.

 [6

] (./report_final.lot)
\tf@lot=\write6
\openout6 = `report_final.lot'.

 [7

] [8

] [9

]
Chapter 1.
LaTeX Font Info:    Try loading font information for OT1+phv on input line 203.

(/usr/share/texmf-texlive/tex/latex/psnfss/ot1phv.fd
File: ot1phv.fd 2001/06/04 scalable font definitions for OT1/phv.
) [1


]
Overfull \hbox (23.26715pt too wide) in paragraph at lines 274--288
\OT1/ptm/m/n/10 edge, there are no pro-gram-ming lan-guages that sup-port con-c
ur-rency and en-force information-
 []

LaTeX Font Info:    Font shape `OT1/ptm/bx/n' in size <12> not available
(Font)              Font shape `OT1/ptm/b/n' tried instead on input line 289.
[2]
Chapter 2.
[3

] [4] [5]
Overfull \hbox (11.82709pt too wide) in paragraph at lines 510--516
[]\OT1/ptm/m/n/10 Zdancewic and My-ers [[]] de-velop a type sys-tem to guar-an-
tee con-cur-rent information-
 []

[6]
Chapter 3.
LaTeX Font Info:    Try loading font information for OT1+pcr on input line 572.

(/usr/share/texmf-texlive/tex/latex/psnfss/ot1pcr.fd
File: ot1pcr.fd 2001/06/04 font definitions for OT1/pcr.
) [7

]
Overfull \hbox (1.65643pt too wide) in paragraph at lines 631--646
\OT1/ptm/m/n/10 FlowHaskell is con-sid-er-ably more light-weight com-par-ing to
 Jif [[]] and Flow-Caml [[]],
 []

[8] [9] [10] [11] [12]
Chapter 4.
[13

]
Overfull \hbox (12.18648pt too wide) in paragraph at lines 1045--1050
[]\OT1/ptm/m/n/10 Programmers only need to de-fine a lat-tice type to achieve t
heir goals as in FlowHaskell.
 []

[14]
Overfull \hbox (18.46576pt too wide) in paragraph at lines 1062--1069
\OT1/ptm/m/n/10 sin-gle-ton types. Pro-gram-ming in FlowHaskell-Ref is sim-i-la
r to pro-gram-ming in FlowHaskell
 []

[15]
Overfull \hbox (19.49611pt too wide) in paragraph at lines 1151--1153
\OT1/ptm/m/n/10 Values that be-longs to the fol-low-ing data type rep-re-sent \
OT1/ptm/m/it/10 ar-row \OT1/ptm/m/n/10 com-pu-ta-tions in FlowHaskell-
 []


Overfull \hbox (15.19508pt too wide) detected at line 1226
[]
 []


Overfull \hbox (63.88658pt too wide) detected at line 1276
[]
 []


Overfull \hbox (12.6746pt too wide) detected at line 1402
[]
 []


Overfull \hbox (36.14691pt too wide) detected at line 1424
[]
 []

[16]
Overfull \hbox (2.97733pt too wide) in paragraph at lines 1496--1504
[]\OT1/ptm/m/n/10 Rules for branch-ing com-pu-ta-tions are shown in Fig-ure 4.5
[]. Rule ($[]$) and ($[]$)
 []

[17] [18] [19] [20] [21] <lower.pdf, id=114, 407.3559pt x 156.7727pt>
File: lower.pdf Graphic file (type pdf)

<use lower.pdf> [22

] [23 <./lower.pdf>] [24]
Overfull \hbox (3.35638pt too wide) in paragraph at lines 1803--1808
\OT1/ptm/m/n/10 New types, called \OT1/ptm/m/it/10 sin-gle-ton types\OT1/ptm/m/
n/10 , are re-quired for both lat-tice con-struc-tors and $[]$
 []

[25] [26]
Overfull \hbox (65.27736pt too wide) detected at line 1919
[]
 []

[27]
Overfull \hbox (11.80676pt too wide) in paragraph at lines 1954--1959
[]\OT1/ptm/m/n/10 Three stan-dard op-er-a-tions for ref-er-ence ma-nip-u-la-tio
n, called $[]$, $[]$,
 []

[28]
Chapter 5.

Overfull \hbox (45.26529pt too wide) detected at line 2060
[]
 []

[29

] [30] [31]
Overfull \hbox (10.27516pt too wide) in paragraph at lines 2246--2247
\OT1/ptm/m/n/10 The $[]$ of com-bi-na-tor ($\OML/cmm/m/it/10 > > >$\OT1/ptm/m/n
/10 ) is de-fined by the fol-low-ing func-tion(in FlowAr-rowRef.hs): 
 []

[32]
Overfull \hbox (0.82498pt too wide) in paragraph at lines 2290--2293
\OT1/ptm/m/n/10 com-bi-na-tor ($\OT1/cmr/m/n/10 & & &$\OT1/ptm/m/n/10 ), more a
nal-y-ses are re-quired in $[]$(in FlowAr-rowRef.hs). 
 []

[33]
Overfull \hbox (16.57555pt too wide) in paragraph at lines 2351--2353
[]\OT1/ptm/m/n/10 Function $[]$ de-fines flow for $[]$, $[]$, and ($\OT1/cmr/m/
n/10 +  +  +$\OT1/ptm/m/n/10 )(in FlowAr-rowRef.hs). 
 []

[34] [35] [36]
Chapter 6.
[37

] <bank.pdf, id=180, 300.19954pt x 186.38835pt>
File: bank.pdf Graphic file (type pdf)
 <use bank.pdf> [38] [39 <./bank.pdf>]
Overfull \hbox (3.46579pt too wide) in paragraph at lines 2675--2676
[]\OT1/ptm/m/n/10 RSA and AES cryp-tosys-tems are un-break-able within tol-er-a
-ble com-pu-ta-tion power
 []

[40] [41] [42]
Overfull \hbox (9.17589pt too wide) in paragraph at lines 2831--2833
\OT1/ptm/m/n/10 In this sec-tion, we demon-strates two ma-li-cious pro-grams tr
y-ing to vi-o-late the information-
 []

[43] [44]
Chapter 7.
[45

] <multi.pdf, id=210, 331.01566pt x 50.27412pt>
File: multi.pdf Graphic file (type pdf)
 <use multi.pdf> [46 <./multi.pdf>]
Overfull \hbox (15.72899pt too wide) detected at line 3041
[]
 []

[47]
Overfull \hbox (25.83646pt too wide) in paragraph at lines 3108--3114
[]\OT1/ptm/m/n/10 Similarly, to de-fine an atomic block, a com-pu-ta-tion is en
-closed by prim-i-tive $[]$
 []

[48]
Overfull \hbox (1.0169pt too wide) in paragraph at lines 3161--3163
[]\OT1/ptm/m/n/10 Combinator $[]$ en-closes a $[]$ com-pu-ta-tion with a $[]$
 []

[49]
Chapter 8.

Overfull \hbox (8.95654pt too wide) in paragraph at lines 3165--3170
\OT1/ptm/m/n/10 The case study con-tains two parts and con-sol-i-dates our ap-p
roach to-wards clos-ing \OT1/ptm/m/it/10 internal-
 []

[50

]
Overfull \hbox (12.75748pt too wide) in paragraph at lines 3233--3244
 [][] 
 []


Overfull \hbox (12.75748pt too wide) in paragraph at lines 3250--3261
 [][] 
 []

[51]
Overfull \hbox (12.75748pt too wide) in paragraph at lines 3275--3286
 [][] 
 []


Overfull \hbox (12.75748pt too wide) in paragraph at lines 3292--3303
 [][] 
 []

[52] [53]
Overfull \hbox (42.19934pt too wide) in paragraph at lines 3407--3424
 [][] 
 []

[54] [55]
Chapter 9.

Overfull \hbox (3.91676pt too wide) in paragraph at lines 3460--3469
\OT1/ptm/m/n/10 Combinator $[]$ is cre-ated for trans-form-ing com-bi-na-tor $[
]$. The in-puts of $[]$
 []


Overfull \hbox (6.48651pt too wide) in paragraph at lines 3488--3491
\OT1/ptm/m/n/10 The in-puts $\OT1/cmtt/m/n/10 i$ \OT1/ptm/m/n/10 with se-cu-rit
y level $[]$ is dis-carded and a unit with se-cu-rity level $[]$
 []

[56

] [57]
Overfull \hbox (2.01668pt too wide) in paragraph at lines 3576--3579
\OT1/ptm/m/n/10 ruled out from branch-ing com-pu-ta-tions. This is be-cause the
 de-sign goal of FlowHaskell-
 []

<bidder.pdf, id=255, 214.84064pt x 130.90506pt>
File: bidder.pdf Graphic file (type pdf)
 <use bidder.pdf> [58] [59 <./bidder.pdf>] (./report_final.bbl [60] [61

]
Underfull \hbox (badness 5460) in paragraph at lines 136--140
[]\OT1/ptm/m/n/10 V. Si-monet.  The Flow Caml sys-tem.  Soft-ware re-lease. Lo-
cated
 []


Underfull \hbox (badness 1418) in paragraph at lines 136--140
\OT1/ptm/m/n/10 at \OT1/pcr/m/n/10 http://cristal.inria.fr/$\OMS/cmsy/m/n/10 ^^
X$\OT1/pcr/m/n/10 simonet/soft/flowcaml/\OT1/ptm/m/n/10 , July
 []

) [62]
Overfull \hbox (40.05891pt too wide) detected at line 3733
[]
 []


Overfull \hbox (34.80896pt too wide) detected at line 3742
[]
 []

(./HaskellCode/Lattice.tex [63

] [64] [65]) (./HaskellCode/RLattice.tex [66])
(./HaskellCode/RefOp.tex) (./HaskellCode/SecureFlow.tex [67] [68])
(./HaskellCode/Unification.tex [69] [70] [71] [72]) (./HaskellCode/Priv.tex)
(./HaskellCode/FlowArrowRef.tex [73] [74] [75] [76] [77] [78] [79] [80]
[81] [82] [83] [84] [85] [86]) (./HaskellCode/BankLattice.tex [87] [88])
(./HaskellCode/BankKey.tex [89] [90]) (./HaskellCode/BankSystem.tex [91]
[92] [93] [94] [95] [96]) (./HaskellCode/BankTCB.tex [97])
(./HaskellCode/MultiExp.tex [98]) (./HaskellCode/Shopping.tex [99] [100]
[101] [102] [103]) [104] (./report_final.aux)

LaTeX Warning: Label(s) may have changed. Rerun to get cross-references right.

 ) 
Here is how much of TeX's memory you used:
 3892 strings out of 495061
 49944 string characters out of 1182621
 145671 words of memory out of 3000000
 6903 multiletter control sequences out of 15000+50000
 42247 words of font info for 109 fonts, out of 3000000 for 9000
 28 hyphenation exceptions out of 8191
 27i,13n,32p,234b,329s stack positions out of 5000i,500n,10000p,200000b,50000s
{/usr/share/texmf-texlive/fonts/enc/dvips/base/8r.enc}</usr/share/texmf-texli
ve/fonts/type1/public/amsfonts/cm/cmbx10.pfb></usr/share/texmf-texlive/fonts/ty
pe1/public/amsfonts/cm/cmmi10.pfb></usr/share/texmf-texlive/fonts/type1/public/
amsfonts/cm/cmmi5.pfb></usr/share/texmf-texlive/fonts/type1/public/amsfonts/cm/
cmmi7.pfb></usr/share/texmf-texlive/fonts/type1/public/amsfonts/cm/cmmi8.pfb></
usr/share/texmf-texlive/fonts/type1/public/amsfonts/cm/cmr10.pfb></usr/share/te
xmf-texlive/fonts/type1/public/amsfonts/cm/cmr5.pfb></usr/share/texmf-texlive/f
onts/type1/public/amsfonts/cm/cmr7.pfb></usr/share/texmf-texlive/fonts/type1/pu
blic/amsfonts/cm/cmsy10.pfb></usr/share/texmf-texlive/fonts/type1/public/amsfon
ts/cm/cmsy5.pfb></usr/share/texmf-texlive/fonts/type1/public/amsfonts/cm/cmsy7.
pfb></usr/share/texmf-texlive/fonts/type1/public/amsfonts/cm/cmti8.pfb></usr/sh
are/texmf-texlive/fonts/type1/public/amsfonts/cm/cmtt10.pfb></usr/share/texmf-t
exlive/fonts/type1/public/amsfonts/cm/cmtt12.pfb></usr/share/texmf-texlive/font
s/type1/public/amsfonts/cm/cmtt8.pfb></usr/share/texmf-texlive/fonts/type1/urw/
courier/ucrr8a.pfb></usr/share/texmf-texlive/fonts/type1/urw/helvetic/uhvr8a.pf
b></usr/share/texmf-texlive/fonts/type1/urw/times/utmb8a.pfb></usr/share/texmf-
texlive/fonts/type1/urw/times/utmr8a.pfb></usr/share/texmf-texlive/fonts/type1/
urw/times/utmri8a.pfb></usr/share/texmf-texlive/fonts/type1/public/wasy/wasy10.
pfb>
Output written on report_final.pdf (113 pages, 540678 bytes).
PDF statistics:
 483 PDF objects out of 1000 (max. 8388607)
 0 named destinations out of 1000 (max. 500000)
 21 words of extra memory for PDF output out of 10000 (max. 10000000)

