This is pdfTeX, Version 3.1415926-1.40.10 (TeX Live 2009/Debian) (format=latex 2010.7.10)  10 JUL 2010 14:45
entering extended mode
 restricted \write18 enabled.
 %&-line parsing enabled.
**report.tex
(./report.tex
LaTeX2e <2009/09/24>
Babel <v3.8l> and hyphenation patterns for english, usenglishmax, dumylang, noh
yphenation, loaded.
(/usr/share/texmf-texlive/tex/latex/base/report.cls
Document Class: report 2007/10/19 v1.4h Standard LaTeX document class
(/usr/share/texmf-texlive/tex/latex/base/size10.clo
File: size10.clo 2007/10/19 v1.4h Standard LaTeX file (size option)
)
\c@part=\count79
\c@chapter=\count80
\c@section=\count81
\c@subsection=\count82
\c@subsubsection=\count83
\c@paragraph=\count84
\c@subparagraph=\count85
\c@figure=\count86
\c@table=\count87
\abovecaptionskip=\skip41
\belowcaptionskip=\skip42
\bibindent=\dimen102
)
(/usr/share/texmf-texlive/tex/latex/psnfss/times.sty
Package: times 2005/04/12 PSNFSS-v9.2a (SPQR) 
) (./stmaryrd.sty
! I can't find file `module.sty'.
l.28 ...d{modulemoduleloaded}{\input module.sty}{}
                                                  
(Press Enter to retry, or Control-D to exit)
Please type another input file name: 
! I can't find file `module.sty'.
l.28 ...d{modulemoduleloaded}{\input module.sty}{}
                                                  
(Press Enter to retry, or Control-D to exit)
Please type another input file name: 
! I can't find file `module.sty'.
l.28 ...d{modulemoduleloaded}{\input module.sty}{}
                                                  
(Press Enter to retry, or Control-D to exit)
Please type another input file name: 
! Emergency stop.
l.28 ...d{modulemoduleloaded}{\input module.sty}{}
                                                  
End of file on the terminal!

 
Here is how much of TeX's memory you used:
 227 strings out of 495062
 2539 string characters out of 1182644
 46386 words of memory out of 3000000
 3489 multiletter control sequences out of 15000+50000
 3640 words of font info for 14 fonts, out of 3000000 for 9000
 28 hyphenation exceptions out of 8191
 23i,0n,17p,137b,36s stack positions out of 5000i,500n,10000p,200000b,50000s
No pages of output.
