This is TeX, Version 3.14159 (Web2C 7.4.5) (format=latex 2006.2.2)  17 APR 2007 09:48
**paper.tex
(./paper.tex
LaTeX2e <2001/06/01>
Babel <v3.7h> and hyphenation patterns for american, french, german, ngerman, n
ohyphenation, loaded.
(/usr/share/texmf/tex/latex/base/article.cls
Document Class: article 2001/04/21 v1.4e Standard LaTeX document class
(/usr/share/texmf/tex/latex/base/size10.clo
File: size10.clo 2001/04/21 v1.4e Standard LaTeX file (size option)
)
\c@part=\count79
\c@section=\count80
\c@subsection=\count81
\c@subsubsection=\count82
\c@paragraph=\count83
\c@subparagraph=\count84
\c@figure=\count85
\c@table=\count86
\abovecaptionskip=\skip41
\belowcaptionskip=\skip42
\bibindent=\dimen102
) (./latex8.sty
IEEE 8.5 x 11-Inch Proceedings Style `latex8.sty'.
\@ctmp=\skip43
\@figindent=\skip44
) (/usr/share/texmf/tex/latex/psnfss/times.sty
Package: times 2002/09/08 PSNFSS-v9.0a (SPQR) 
)
(/usr/share/texmf/tex/latex/graphics/graphicx.sty
Package: graphicx 1999/02/16 v1.0f Enhanced LaTeX Graphics (DPC,SPQR)

(/usr/share/texmf/tex/latex/graphics/keyval.sty
Package: keyval 1999/03/16 v1.13 key=value parser (DPC)
\KV@toks@=\toks14
)
(/usr/share/texmf/tex/latex/graphics/graphics.sty
Package: graphics 2001/07/07 v1.0n Standard LaTeX Graphics (DPC,SPQR)

(/usr/share/texmf/tex/latex/graphics/trig.sty
Package: trig 1999/03/16 v1.09 sin cos tan (DPC)
)
(/usr/share/texmf/tex/latex/config/graphics.cfg
File: graphics.cfg 2001/08/31 v1.1 graphics configuration of teTeX/TeXLive
)
Package graphics Info: Driver file: dvips.def on input line 80.

(/usr/share/texmf/tex/latex/graphics/dvips.def
File: dvips.def 1999/02/16 v3.0i Driver-dependant file (DPC,SPQR)
))
\Gin@req@height=\dimen103
\Gin@req@width=\dimen104
)
(/usr/share/texmf/tex/latex/misc/stmaryrd.sty
Package: stmaryrd 1994/03/03 St Mary's Road symbol package
\symstmry=\mathgroup4
LaTeX Font Info:    Overwriting symbol font `stmry' in version `bold'
(Font)                  U/stmry/m/n --> U/stmry/b/n on input line 89.
)
(/usr/share/texmf/tex/latex/base/latexsym.sty
Package: latexsym 1998/08/17 v2.2e Standard LaTeX package (lasy symbols)
\symlasy=\mathgroup5
LaTeX Font Info:    Overwriting symbol font `lasy' in version `bold'
(Font)                  U/lasy/m/n --> U/lasy/b/n on input line 42.
)
(/usr/share/texmf/tex/latex/amsmath/amsmath.sty
Package: amsmath 2000/07/18 v2.13 AMS math features
\@mathmargin=\skip45

For additional information on amsmath, use the `?' option.
(/usr/share/texmf/tex/latex/amsmath/amstext.sty
Package: amstext 2000/06/29 v2.01

(/usr/share/texmf/tex/latex/amsmath/amsgen.sty
File: amsgen.sty 1999/11/30 v2.0
\@emptytoks=\toks15
\ex@=\dimen105
))
(/usr/share/texmf/tex/latex/amsmath/amsbsy.sty
Package: amsbsy 1999/11/29 v1.2d
\pmbraise@=\dimen106
)
(/usr/share/texmf/tex/latex/amsmath/amsopn.sty
Package: amsopn 1999/12/14 v2.01 operator names
)
\inf@bad=\count87
LaTeX Info: Redefining \frac on input line 211.
\uproot@=\count88
\leftroot@=\count89
LaTeX Info: Redefining \overline on input line 307.
\classnum@=\count90
\DOTSCASE@=\count91
LaTeX Info: Redefining \ldots on input line 379.
LaTeX Info: Redefining \dots on input line 382.
LaTeX Info: Redefining \cdots on input line 467.
\Mathstrutbox@=\box26
\strutbox@=\box27
\big@size=\dimen107
LaTeX Font Info:    Redeclaring font encoding OML on input line 567.
LaTeX Font Info:    Redeclaring font encoding OMS on input line 568.
\macc@depth=\count92
\c@MaxMatrixCols=\count93
\dotsspace@=\muskip10
\c@parentequation=\count94
\dspbrk@lvl=\count95
\tag@help=\toks16
\row@=\count96
\column@=\count97
\maxfields@=\count98
\andhelp@=\toks17
\eqnshift@=\dimen108
\alignsep@=\dimen109
\tagshift@=\dimen110
\tagwidth@=\dimen111
\totwidth@=\dimen112
\lineht@=\dimen113
\@envbody=\toks18
\multlinegap=\skip46
\multlinetaggap=\skip47
\mathdisplay@stack=\toks19
LaTeX Info: Redefining \[ on input line 2666.
LaTeX Info: Redefining \] on input line 2667.
)
(/usr/share/texmf/tex/latex/amsfonts/amssymb.sty
Package: amssymb 2002/01/22 v2.2d

(/usr/share/texmf/tex/latex/amsfonts/amsfonts.sty
Package: amsfonts 2001/10/25 v2.2f
\symAMSa=\mathgroup6
\symAMSb=\mathgroup7
LaTeX Font Info:    Overwriting math alphabet `\mathfrak' in version `bold'
(Font)                  U/euf/m/n --> U/euf/b/n on input line 132.
)
LaTeX Font Info:    Redeclaring math symbol \boxdot on input line 60.
)
(/usr/share/texmf/tex/latex/wasysym/wasysym.sty
Package: wasysym 1999/05/13 v1.0i Wasy-2 symbol support package
\symwasy=\mathgroup8
LaTeX Font Info:    Overwriting symbol font `wasy' in version `bold'
(Font)                  U/wasy/m/n --> U/wasy/b/n on input line 50.
) (./semantic.sty
Package: semantic 2003/10/28 v2.0(epsilon) 

Semantic Package v2.0(epsilon) [2003/10/28]
CVSId: $Id: semantic.sty,v 1.1 2007/01/29 16:53:35 tsa Exp $
\c@@@conflict=\count99
Loading features: 
(./ligature.sty
\@pushedtoks=\toks20
\@seentoks=\toks21
)  math mode ligatures, (./infernce.sty
\@@tempa=\toks22
\@@tempb=\toks23
\@@pSpace=\skip48
\@@pEnd=\skip49
\@@nSpace=\skip50
\@@aLineBox=\box28
)  inference rules,
(./tdiagram.sty
\@@xShift=\count100
\@@yShift=\count101
\@@symbol=\toks24
\@@tempSymbol=\toks25
)  T diagrams, (./reserved.sty
\@@spacing=\toks26
\@@formating=\toks27
)  reserved words, (./shrthand.sty)  short hands,
and general definitions.

\@@maxwidth=\dimen114
\@@pLineBox=\box29
\@@cBox=\box30
\@@pBox=\box31
) (/usr/share/texmf/tex/latex/fancyvrb/fancyvrb.sty
Package: fancyvrb 2000/03/21

Style option: `fancyvrb' v2.7, with DG/SPQR fixes <2000/03/21> (tvz)
\FV@CodeLineNo=\count102
\FV@InFile=\read1
\FV@TabBox=\box32
\c@FancyVerbLine=\count103
\FV@StepNumber=\count104
\FV@OutFile=\write3
)
(./declarations.tex)

LaTeX Warning: Unused global option(s):
    [times].

(./paper.aux)
\openout1 = `paper.aux'.

LaTeX Font Info:    Checking defaults for OML/cmm/m/it on input line 13.
LaTeX Font Info:    ... okay on input line 13.
LaTeX Font Info:    Checking defaults for T1/cmr/m/n on input line 13.
LaTeX Font Info:    ... okay on input line 13.
LaTeX Font Info:    Checking defaults for OT1/cmr/m/n on input line 13.
LaTeX Font Info:    ... okay on input line 13.
LaTeX Font Info:    Checking defaults for OMS/cmsy/m/n on input line 13.
LaTeX Font Info:    ... okay on input line 13.
LaTeX Font Info:    Checking defaults for OMX/cmex/m/n on input line 13.
LaTeX Font Info:    ... okay on input line 13.
LaTeX Font Info:    Checking defaults for U/cmr/m/n on input line 13.
LaTeX Font Info:    ... okay on input line 13.
LaTeX Font Info:    Try loading font information for OT1+ptm on input line 13.
 (/usr/share/texmf/tex/latex/psnfss/ot1ptm.fd
File: ot1ptm.fd 2001/06/04 font definitions for OT1/ptm.
)
LaTeX Font Info:    Font shape `OT1/ptm/bx/n' in size <14.4> not available
(Font)              Font shape `OT1/ptm/b/n' tried instead on input line 22.
LaTeX Font Info:    Try loading font information for U+stmry on input line 22.

(/usr/share/texmf/tex/latex/misc/ustmry.fd)
LaTeX Font Info:    Try loading font information for U+lasy on input line 22.

(/usr/share/texmf/tex/latex/base/ulasy.fd
File: ulasy.fd 1998/08/17 v2.2e LaTeX symbol font definitions
)
LaTeX Font Info:    Try loading font information for U+msa on input line 22.

(/usr/share/texmf/tex/latex/amsfonts/umsa.fd
File: umsa.fd 2002/01/19 v2.2g AMS font definitions
)
LaTeX Font Info:    Try loading font information for U+msb on input line 22.

(/usr/share/texmf/tex/latex/amsfonts/umsb.fd
File: umsb.fd 2002/01/19 v2.2g AMS font definitions
)
LaTeX Font Info:    Try loading font information for U+wasy on input line 22.

(/usr/share/texmf/tex/latex/wasysym/uwasy.fd
File: uwasy.fd 1999/05/13 v1.0i Wasy-2 symbol font definitions
)
LaTeX Font Info:    Font shape `OT1/ptm/bx/n' in size <12> not available
(Font)              Font shape `OT1/ptm/b/n' tried instead on input line 25.
 [1


]
File: puref.eps Graphic file (type eps)
 <puref.eps>
LaTeX Font Info:    Try loading font information for OT1+pcr on input line 141.


(/usr/share/texmf/tex/latex/psnfss/ot1pcr.fd
File: ot1pcr.fd 2001/06/04 font definitions for OT1/pcr.
)
File: fcompg.eps Graphic file (type eps)
 <fcompg.eps>
File: fpairg.eps Graphic file (type eps)
 <fpairg.eps>
File: average.eps Graphic file (type eps)

<average.eps>
File: choice.eps Graphic file (type eps)
 <choice.eps>
Underfull \hbox (badness 1087) in paragraph at lines 202--206
\OT1/ptm/m/n/10 def-i-ni-tions, we can write side-effecting pro-grams in a
 []

[2]
Underfull \hbox (badness 3547) in paragraph at lines 224--237
\OT1/ptm/m/n/10 to the in-put and out-put of each ar-row (where the
 []


Underfull \hbox (badness 2096) in paragraph at lines 224--237
\OT1/ptm/m/n/10 Their ar-rows them-selves are rep-re-sented by the type
 []


Overfull \hbox (9.40312pt too wide) detected at line 249
[] []
 []


Underfull \hbox (badness 2556) in paragraph at lines 286--289
[]\OT1/ptm/m/n/10 Li and Zdancewic also con-sid-ered de-clas-si-fi-ca-tion,
 []


LaTeX Warning: No positions in optional float specifier.
               Default added (so using `tbp') on input line 333.

[3]
LaTeX Font Info:    Font shape `OT1/ptm/bx/n' in size <10> not available
(Font)              Font shape `OT1/ptm/b/n' tried instead on input line 626.
 [4]
Underfull \hbox (badness 1314) in paragraph at lines 785--799
\OT1/ptm/m/n/10 com-pu-ta-tion that be-haves as the com-pu-ta-tion re-ceived
 []

[5]
Underfull \hbox (badness 2409) in paragraph at lines 883--885
\OT1/ptm/m/n/10 where \OT1/pcr/m/n/10 SecRef (SecType l) l \OT1/ptm/m/n/10 rep-
re-sents se-cu-rity
 []

[6]
Underfull \hbox (badness 4156) in paragraph at lines 971--979
\OT1/ptm/m/n/10 value \OT1/pcr/m/n/10 (VSecRef (VSecLabel VHigh) VLow) \OT1/ptm
/m/n/10 of
 []

[7]
Underfull \vbox (badness 2359) has occurred while \output is active []


Underfull \vbox (badness 4713) has occurred while \output is active []

 [8]
Overfull \hbox (1.51573pt too wide) detected at line 1384
[]
 []

[9]
Underfull \hbox (badness 1178) in paragraph at lines 1535--1550
\OT1/ptm/m/n/10 Data type \OT1/pcr/m/n/10 (RRobin a) \OT1/ptm/m/n/10 stores in-
for-ma-tion re-lated to
 []

[10]
Underfull \hbox (badness 10000) in paragraph at lines 1624--1667
[]\OT1/ptm/m/it/10 Simple \OT1/ptm/m/n/10 ar-row com-bi-na-tors in-clude now
 []


Underfull \hbox (badness 1509) in paragraph at lines 1624--1667
\OT1/pcr/m/n/10 beginAtomic \OT1/ptm/m/n/10 and \OT1/pcr/m/n/10 endAtomic \OT1/
ptm/m/n/10 when the con-di-tion
 []


Underfull \hbox (badness 2088) in paragraph at lines 1624--1667
\OT1/ptm/m/n/10 18[]. Ob-serve that \OT1/pcr/m/n/10 beginAtomic \OT1/ptm/m/n/10
 and \OT1/pcr/m/n/10 endAtomic
 []

LaTeX Font Info:    Font shape `OT1/ptm/bx/n' in size <9> not available
(Font)              Font shape `OT1/ptm/b/n' tried instead on input line 1684.

Underfull \hbox (badness 2221) in paragraph at lines 1736--1774
[]\OT1/ptm/m/n/10 The server pro-gram con-sists of three com-po-nents:
 []


Underfull \hbox (badness 7047) in paragraph at lines 1736--1774
\OT1/pcr/m/n/10 protectData\OT1/ptm/m/n/10 , \OT1/pcr/m/n/10 purchase\OT1/ptm/m
/n/10 , and \OT1/pcr/m/n/10 showPurchase\OT1/ptm/m/n/10 .
 []


Underfull \hbox (badness 1701) in paragraph at lines 1736--1774
\OT1/ptm/m/n/10 Com-po-nent \OT1/pcr/m/n/10 protectData \OT1/ptm/m/n/10 re-ceiv
es in-for-ma-tion from
 []


Underfull \hbox (badness 2073) in paragraph at lines 1736--1774
\OT1/ptm/m/n/10 only se-crets in the sys-tem. The im-ple-men-ta-tion of
 []

[11] (./paper.bbl [12]
Underfull \hbox (badness 1448) in paragraph at lines 83--87
\OT1/ptm/m/n/9 N. Nys-trom.  Jif: Java in-for-ma-tion flow.  Soft-ware
 []


Underfull \hbox (badness 3449) in paragraph at lines 83--87
\OT1/ptm/m/n/9 re-lease. \OT1/pcr/m/n/9 http://www.cs.cornell.edu/jif\OT1/ptm/m
/n/9 , July
 []


Overfull \hbox (9.96812pt too wide) in paragraph at lines 203--207
\OT1/pcr/m/n/9 http://www.cs.chalmers.se/$\OMS/cmsy/m/n/9 ^^X$\OT1/pcr/m/n/9 ru
sso/tsai.htm\OT1/ptm/m/n/9 . 
 []

) [13] (./paper.aux) ) 
Here is how much of TeX's memory you used:
 2665 strings out of 95847
 31891 string characters out of 1195949
 92977 words of memory out of 1000001
 5505 multiletter control sequences out of 10000+50000
 29318 words of font info for 106 fonts, out of 500000 for 1000
 14 hyphenation exceptions out of 1000
 27i,13n,24p,222b,452s stack positions out of 1500i,500n,5000p,200000b,5000s

Output written on paper.dvi (13 pages, 92620 bytes).
